<?xml version="1.0" encoding="UTF-8"?>
<testng-results ignored="0" total="1" passed="1" failed="0" skipped="0">
  <reporter-output>
  </reporter-output>
  <suite started-at="2026-06-22T21:09:00 IST" name="Surefire suite" finished-at="2026-06-22T21:09:05 IST" duration-ms="5060">
    <groups>
    </groups>
    <test started-at="2026-06-22T21:09:00 IST" name="Surefire test" finished-at="2026-06-22T21:09:05 IST" duration-ms="5060">
      <class name="tests.LoginTest">
        <test-method is-config="true" signature="setup()[pri:0, instance:tests.LoginTest@43301423]" started-at="2026-06-22T21:09:00 IST" name="setup" finished-at="2026-06-22T21:09:03 IST" duration-ms="3355" status="PASS">
          <reporter-output>
          </reporter-output>
        </test-method> <!-- setup -->
        <test-method signature="loginTest()[pri:0, instance:tests.LoginTest@43301423]" started-at="2026-06-22T21:09:03 IST" name="loginTest" finished-at="2026-06-22T21:09:04 IST" duration-ms="793" status="PASS">
          <reporter-output>
          </reporter-output>
        </test-method> <!-- loginTest -->
        <test-method is-config="true" signature="tearDown()[pri:0, instance:tests.LoginTest@43301423]" started-at="2026-06-22T21:09:04 IST" name="tearDown" finished-at="2026-06-22T21:09:05 IST" duration-ms="791" status="PASS">
          <reporter-output>
          </reporter-output>
        </test-method> <!-- tearDown -->
      </class> <!-- tests.LoginTest -->
    </test> <!-- Surefire test -->
  </suite> <!-- Surefire suite -->
</testng-results>
